[2014-01-05 06:52:17] production.ERROR: exception 'Symfony\Component\HttpKernel\Exception\NotFoundHttpException' in /var/www/vendor/laravel/framework/src/Illuminate/Routing/RouteCollection.php:125
Stack trace:
#0 /var/www/vendor/laravel/framework/src/Illuminate/Routing/Router.php(987): Illuminate\Routing\RouteCollection->match(Object(Illuminate\Http\Request))
#1 /var/www/vendor/laravel/framework/src/Illuminate/Routing/Router.php(957): Illuminate\Routing\Router->findRoute(Object(Illuminate\Http\Request))
#2 /var/www/vendor/laravel/framework/src/Illuminate/Routing/Router.php(936): Illuminate\Routing\Router->dispatchToRoute(Object(Illuminate\Http\Request))
#3 /var/www/vendor/laravel/framework/src/Illuminate/Foundation/Application.php(677): Illuminate\Routing\Router->dispatch(Object(Illuminate\Http\Request))
#4 /var/www/vendor/laravel/framework/src/Illuminate/Foundation/Application.php(652): Illuminate\Foundation\Application->dispatch(Object(Illuminate\Http\Request))
#5 /var/www/vendor/laravel/framework/src/Illuminate/Http/FrameGuard.php(38): Illuminate\Foundation\Application->handle(Object(Illuminate\Http\Request), 1, true)
#6 /var/www/vendor/laravel/framework/src/Illuminate/Session/Middleware.php(58): Illuminate\Http\FrameGuard->handle(Object(Illuminate\Http\Request), 1, true)
#7 /var/www/vendor/laravel/framework/src/Illuminate/Cookie/Queue.php(47): Illuminate\Session\Middleware->handle(Object(Illuminate\Http\Request), 1, true)
#8 /var/www/vendor/laravel/framework/src/Illuminate/Cookie/Guard.php(51): Illuminate\Cookie\Queue->handle(Object(Illuminate\Http\Request), 1, true)
#9 /var/www/vendor/stack/builder/src/Stack/StackedHttpKernel.php(23): Illuminate\Cookie\Guard->handle(Object(Illuminate\Http\Request), 1, true)
#10 /var/www/vendor/laravel/framework/src/Illuminate/Foundation/Application.php(552): Stack\StackedHttpKernel->handle(Object(Illuminate\Http\Request))
#11 /var/www/public/index.php(49): Illuminate\Foundation\Application->run()
#12 {main} [] []
[2014-01-05 06:54:36] production.ERROR: exception 'Symfony\Component\HttpKernel\Exception\NotFoundHttpException' in /var/www/vendor/laravel/framework/src/Illuminate/Routing/RouteCollection.php:125
Stack trace:
#0 /var/www/vendor/laravel/framework/src/Illuminate/Routing/Router.php(987): Illuminate\Routing\RouteCollection->match(Object(Illuminate\Http\Request))
#1 /var/www/vendor/laravel/framework/src/Illuminate/Routing/Router.php(957): Illuminate\Routing\Router->findRoute(Object(Illuminate\Http\Request))
#2 /var/www/vendor/laravel/framework/src/Illuminate/Routing/Router.php(936): Illuminate\Routing\Router->dispatchToRoute(Object(Illuminate\Http\Request))
#3 /var/www/vendor/laravel/framework/src/Illuminate/Foundation/Application.php(677): Illuminate\Routing\Router->dispatch(Object(Illuminate\Http\Request))
#4 /var/www/vendor/laravel/framework/src/Illuminate/Foundation/Application.php(652): Illuminate\Foundation\Application->dispatch(Object(Illuminate\Http\Request))
#5 /var/www/vendor/laravel/framework/src/Illuminate/Http/FrameGuard.php(38): Illuminate\Foundation\Application->handle(Object(Illuminate\Http\Request), 1, true)
#6 /var/www/vendor/laravel/framework/src/Illuminate/Session/Middleware.php(58): Illuminate\Http\FrameGuard->handle(Object(Illuminate\Http\Request), 1, true)
#7 /var/www/vendor/laravel/framework/src/Illuminate/Cookie/Queue.php(47): Illuminate\Session\Middleware->handle(Object(Illuminate\Http\Request), 1, true)
#8 /var/www/vendor/laravel/framework/src/Illuminate/Cookie/Guard.php(51): Illuminate\Cookie\Queue->handle(Object(Illuminate\Http\Request), 1, true)
#9 /var/www/vendor/stack/builder/src/Stack/StackedHttpKernel.php(23): Illuminate\Cookie\Guard->handle(Object(Illuminate\Http\Request), 1, true)
#10 /var/www/vendor/laravel/framework/src/Illuminate/Foundation/Application.php(552): Stack\StackedHttpKernel->handle(Object(Illuminate\Http\Request))
#11 /var/www/public/index.php(49): Illuminate\Foundation\Application->run()
#12 {main} [] []
[2014-01-05 06:55:03] production.ERROR: exception 'Symfony\Component\HttpKernel\Exception\NotFoundHttpException' in /var/www/vendor/laravel/framework/src/Illuminate/Routing/RouteCollection.php:125
Stack trace:
#0 /var/www/vendor/laravel/framework/src/Illuminate/Routing/Router.php(987): Illuminate\Routing\RouteCollection->match(Object(Illuminate\Http\Request))
#1 /var/www/vendor/laravel/framework/src/Illuminate/Routing/Router.php(957): Illuminate\Routing\Router->findRoute(Object(Illuminate\Http\Request))
#2 /var/www/vendor/laravel/framework/src/Illuminate/Routing/Router.php(936): Illuminate\Routing\Router->dispatchToRoute(Object(Illuminate\Http\Request))
#3 /var/www/vendor/laravel/framework/src/Illuminate/Foundation/Application.php(677): Illuminate\Routing\Router->dispatch(Object(Illuminate\Http\Request))
#4 /var/www/vendor/laravel/framework/src/Illuminate/Foundation/Application.php(652): Illuminate\Foundation\Application->dispatch(Object(Illuminate\Http\Request))
#5 /var/www/vendor/laravel/framework/src/Illuminate/Http/FrameGuard.php(38): Illuminate\Foundation\Application->handle(Object(Illuminate\Http\Request), 1, true)
#6 /var/www/vendor/laravel/framework/src/Illuminate/Session/Middleware.php(58): Illuminate\Http\FrameGuard->handle(Object(Illuminate\Http\Request), 1, true)
#7 /var/www/vendor/laravel/framework/src/Illuminate/Cookie/Queue.php(47): Illuminate\Session\Middleware->handle(Object(Illuminate\Http\Request), 1, true)
#8 /var/www/vendor/laravel/framework/src/Illuminate/Cookie/Guard.php(51): Illuminate\Cookie\Queue->handle(Object(Illuminate\Http\Request), 1, true)
#9 /var/www/vendor/stack/builder/src/Stack/StackedHttpKernel.php(23): Illuminate\Cookie\Guard->handle(Object(Illuminate\Http\Request), 1, true)
#10 /var/www/vendor/laravel/framework/src/Illuminate/Foundation/Application.php(552): Stack\StackedHttpKernel->handle(Object(Illuminate\Http\Request))
#11 /var/www/public/index.php(49): Illuminate\Foundation\Application->run()
#12 {main} [] []
[2014-01-05 06:55:10] production.ERROR: exception 'Symfony\Component\HttpKernel\Exception\NotFoundHttpException' in /var/www/vendor/laravel/framework/src/Illuminate/Routing/RouteCollection.php:125
Stack trace:
#0 /var/www/vendor/laravel/framework/src/Illuminate/Routing/Router.php(987): Illuminate\Routing\RouteCollection->match(Object(Illuminate\Http\Request))
#1 /var/www/vendor/laravel/framework/src/Illuminate/Routing/Router.php(957): Illuminate\Routing\Router->findRoute(Object(Illuminate\Http\Request))
#2 /var/www/vendor/laravel/framework/src/Illuminate/Routing/Router.php(936): Illuminate\Routing\Router->dispatchToRoute(Object(Illuminate\Http\Request))
#3 /var/www/vendor/laravel/framework/src/Illuminate/Foundation/Application.php(677): Illuminate\Routing\Router->dispatch(Object(Illuminate\Http\Request))
#4 /var/www/vendor/laravel/framework/src/Illuminate/Foundation/Application.php(652): Illuminate\Foundation\Application->dispatch(Object(Illuminate\Http\Request))
#5 /var/www/vendor/laravel/framework/src/Illuminate/Http/FrameGuard.php(38): Illuminate\Foundation\Application->handle(Object(Illuminate\Http\Request), 1, true)
#6 /var/www/vendor/laravel/framework/src/Illuminate/Session/Middleware.php(58): Illuminate\Http\FrameGuard->handle(Object(Illuminate\Http\Request), 1, true)
#7 /var/www/vendor/laravel/framework/src/Illuminate/Cookie/Queue.php(47): Illuminate\Session\Middleware->handle(Object(Illuminate\Http\Request), 1, true)
#8 /var/www/vendor/laravel/framework/src/Illuminate/Cookie/Guard.php(51): Illuminate\Cookie\Queue->handle(Object(Illuminate\Http\Request), 1, true)
#9 /var/www/vendor/stack/builder/src/Stack/StackedHttpKernel.php(23): Illuminate\Cookie\Guard->handle(Object(Illuminate\Http\Request), 1, true)
#10 /var/www/vendor/laravel/framework/src/Illuminate/Foundation/Application.php(552): Stack\StackedHttpKernel->handle(Object(Illuminate\Http\Request))
#11 /var/www/public/index.php(49): Illuminate\Foundation\Application->run()
#12 {main} [] []
[2014-01-05 06:56:15] production.ERROR: exception 'Symfony\Component\HttpKernel\Exception\NotFoundHttpException' in /var/www/vendor/laravel/framework/src/Illuminate/Routing/RouteCollection.php:125
Stack trace:
#0 /var/www/vendor/laravel/framework/src/Illuminate/Routing/Router.php(987): Illuminate\Routing\RouteCollection->match(Object(Illuminate\Http\Request))
#1 /var/www/vendor/laravel/framework/src/Illuminate/Routing/Router.php(957): Illuminate\Routing\Router->findRoute(Object(Illuminate\Http\Request))
#2 /var/www/vendor/laravel/framework/src/Illuminate/Routing/Router.php(936): Illuminate\Routing\Router->dispatchToRoute(Object(Illuminate\Http\Request))
#3 /var/www/vendor/laravel/framework/src/Illuminate/Foundation/Application.php(677): Illuminate\Routing\Router->dispatch(Object(Illuminate\Http\Request))
#4 /var/www/vendor/laravel/framework/src/Illuminate/Foundation/Application.php(652): Illuminate\Foundation\Application->dispatch(Object(Illuminate\Http\Request))
#5 /var/www/vendor/laravel/framework/src/Illuminate/Http/FrameGuard.php(38): Illuminate\Foundation\Application->handle(Object(Illuminate\Http\Request), 1, true)
#6 /var/www/vendor/laravel/framework/src/Illuminate/Session/Middleware.php(58): Illuminate\Http\FrameGuard->handle(Object(Illuminate\Http\Request), 1, true)
#7 /var/www/vendor/laravel/framework/src/Illuminate/Cookie/Queue.php(47): Illuminate\Session\Middleware->handle(Object(Illuminate\Http\Request), 1, true)
#8 /var/www/vendor/laravel/framework/src/Illuminate/Cookie/Guard.php(51): Illuminate\Cookie\Queue->handle(Object(Illuminate\Http\Request), 1, true)
#9 /var/www/vendor/stack/builder/src/Stack/StackedHttpKernel.php(23): Illuminate\Cookie\Guard->handle(Object(Illuminate\Http\Request), 1, true)
#10 /var/www/vendor/laravel/framework/src/Illuminate/Foundation/Application.php(552): Stack\StackedHttpKernel->handle(Object(Illuminate\Http\Request))
#11 /var/www/public/index.php(49): Illuminate\Foundation\Application->run()
#12 {main} [] []
[2014-01-05 07:01:40] production.ERROR: exception 'Symfony\Component\HttpKernel\Exception\NotFoundHttpException' in /var/www/vendor/laravel/framework/src/Illuminate/Routing/RouteCollection.php:125
Stack trace:
#0 /var/www/vendor/laravel/framework/src/Illuminate/Routing/Router.php(987): Illuminate\Routing\RouteCollection->match(Object(Illuminate\Http\Request))
#1 /var/www/vendor/laravel/framework/src/Illuminate/Routing/Router.php(957): Illuminate\Routing\Router->findRoute(Object(Illuminate\Http\Request))
#2 /var/www/vendor/laravel/framework/src/Illuminate/Routing/Router.php(936): Illuminate\Routing\Router->dispatchToRoute(Object(Illuminate\Http\Request))
#3 /var/www/vendor/laravel/framework/src/Illuminate/Foundation/Application.php(677): Illuminate\Routing\Router->dispatch(Object(Illuminate\Http\Request))
#4 /var/www/vendor/laravel/framework/src/Illuminate/Foundation/Application.php(652): Illuminate\Foundation\Application->dispatch(Object(Illuminate\Http\Request))
#5 /var/www/vendor/laravel/framework/src/Illuminate/Http/FrameGuard.php(38): Illuminate\Foundation\Application->handle(Object(Illuminate\Http\Request), 1, true)
#6 /var/www/vendor/laravel/framework/src/Illuminate/Session/Middleware.php(58): Illuminate\Http\FrameGuard->handle(Object(Illuminate\Http\Request), 1, true)
#7 /var/www/vendor/laravel/framework/src/Illuminate/Cookie/Queue.php(47): Illuminate\Session\Middleware->handle(Object(Illuminate\Http\Request), 1, true)
#8 /var/www/vendor/laravel/framework/src/Illuminate/Cookie/Guard.php(51): Illuminate\Cookie\Queue->handle(Object(Illuminate\Http\Request), 1, true)
#9 /var/www/vendor/stack/builder/src/Stack/StackedHttpKernel.php(23): Illuminate\Cookie\Guard->handle(Object(Illuminate\Http\Request), 1, true)
#10 /var/www/vendor/laravel/framework/src/Illuminate/Foundation/Application.php(552): Stack\StackedHttpKernel->handle(Object(Illuminate\Http\Request))
#11 /var/www/public/index.php(49): Illuminate\Foundation\Application->run()
#12 {main} [] []
